2017/04/15 10:41:03 [error] [exception.CHttpException.404] exception 'CHttpException' with message 'Unable to resolve the request "favicon.ico".' in /home/vvf/vvf.kritva.in/admin/framework/web/CWebApplication.php:286
Stack trace:
#0 /home/vvf/vvf.kritva.in/admin/framework/web/CWebApplication.php(141): CWebApplication->runController('favicon.ico')
#1 /home/vvf/vvf.kritva.in/admin/framework/base/CApplication.php(185): CWebApplication->processRequest()
#2 /home/vvf/vvf.kritva.in/admin/index.php(13): CApplication->run()
#3 {main}
REQUEST_URI=/admin/index.php/favicon.ico
---
2017/04/15 10:42:10 [error] [exception.CHttpException.404] exception 'CHttpException' with message 'The system is unable to find the requested action "favicon.ico".' in /home/vvf/vvf.kritva.in/admin/framework/web/CController.php:483
Stack trace:
#0 /home/vvf/vvf.kritva.in/admin/framework/web/CController.php(270): CController->missingAction('favicon.ico')
#1 /home/vvf/vvf.kritva.in/admin/framework/web/CWebApplication.php(282): CController->run('favicon.ico')
#2 /home/vvf/vvf.kritva.in/admin/framework/web/CWebApplication.php(141): CWebApplication->runController('Newemployee/fav...')
#3 /home/vvf/vvf.kritva.in/admin/framework/base/CApplication.php(185): CWebApplication->processRequest()
#4 /home/vvf/vvf.kritva.in/admin/index.php(13): CApplication->run()
#5 {main}
REQUEST_URI=/admin/index.php/Newemployee/favicon.ico
---
2017/04/15 10:42:32 [error] [exception.CHttpException.404] exception 'CHttpException' with message 'The system is unable to find the requested action "favicon.ico".' in /home/vvf/vvf.kritva.in/admin/framework/web/CController.php:483
Stack trace:
#0 /home/vvf/vvf.kritva.in/admin/framework/web/CController.php(270): CController->missingAction('favicon.ico')
#1 /home/vvf/vvf.kritva.in/admin/framework/web/CWebApplication.php(282): CController->run('favicon.ico')
#2 /home/vvf/vvf.kritva.in/admin/framework/web/CWebApplication.php(141): CWebApplication->runController('Newemployee/fav...')
#3 /home/vvf/vvf.kritva.in/admin/framework/base/CApplication.php(185): CWebApplication->processRequest()
#4 /home/vvf/vvf.kritva.in/admin/index.php(13): CApplication->run()
#5 {main}
REQUEST_URI=/admin/index.php/Newemployee/favicon.ico
---
2017/04/17 05:13:08 [error] [exception.CHttpException.404] exception 'CHttpException' with message 'Unable to resolve the request "Admin_login".' in /home/vvf/vvf.kritva.in/admin/framework/web/CWebApplication.php:286
Stack trace:
#0 /home/vvf/vvf.kritva.in/admin/framework/web/CWebApplication.php(141): CWebApplication->runController('Admin_login')
#1 /home/vvf/vvf.kritva.in/admin/framework/base/CApplication.php(185): CWebApplication->processRequest()
#2 /home/vvf/vvf.kritva.in/admin/index.php(13): CApplication->run()
#3 {main}
REQUEST_URI=/admin/index.php/Admin_login
---
2017/04/17 05:13:14 [error] [exception.CHttpException.404] exception 'CHttpException' with message 'Unable to resolve the request "Admin_Login".' in /home/vvf/vvf.kritva.in/admin/framework/web/CWebApplication.php:286
Stack trace:
#0 /home/vvf/vvf.kritva.in/admin/framework/web/CWebApplication.php(141): CWebApplication->runController('Admin_Login')
#1 /home/vvf/vvf.kritva.in/admin/framework/base/CApplication.php(185): CWebApplication->processRequest()
#2 /home/vvf/vvf.kritva.in/admin/index.php(13): CApplication->run()
#3 {main}
REQUEST_URI=/admin/index.php/Admin_Login
---
2017/04/17 05:13:26 [error] [exception.CHttpException.404] exception 'CHttpException' with message 'Unable to resolve the request "Admin_login".' in /home/vvf/vvf.kritva.in/admin/framework/web/CWebApplication.php:286
Stack trace:
#0 /home/vvf/vvf.kritva.in/admin/framework/web/CWebApplication.php(141): CWebApplication->runController('Admin_login')
#1 /home/vvf/vvf.kritva.in/admin/framework/base/CApplication.php(185): CWebApplication->processRequest()
#2 /home/vvf/vvf.kritva.in/admin/index.php(13): CApplication->run()
#3 {main}
REQUEST_URI=/admin/index.php?r=Admin_login
---
2017/04/17 05:13:42 [error] [exception.CHttpException.404] exception 'CHttpException' with message 'Unable to resolve the request "Admin_dashboard".' in /home/vvf/vvf.kritva.in/admin/framework/web/CWebApplication.php:286
Stack trace:
#0 /home/vvf/vvf.kritva.in/admin/framework/web/CWebApplication.php(141): CWebApplication->runController('Admin_dashboard')
#1 /home/vvf/vvf.kritva.in/admin/framework/base/CApplication.php(185): CWebApplication->processRequest()
#2 /home/vvf/vvf.kritva.in/admin/index.php(13): CApplication->run()
#3 {main}
REQUEST_URI=/admin/index.php?r=Admin_dashboard
---
2017/04/17 05:13:56 [error] [exception.CHttpException.404] exception 'CHttpException' with message 'Unable to resolve the request "Admin_login".' in /home/vvf/vvf.kritva.in/admin/framework/web/CWebApplication.php:286
Stack trace:
#0 /home/vvf/vvf.kritva.in/admin/framework/web/CWebApplication.php(141): CWebApplication->runController('Admin_login')
#1 /home/vvf/vvf.kritva.in/admin/framework/base/CApplication.php(185): CWebApplication->processRequest()
#2 /home/vvf/vvf.kritva.in/admin/index.php(13): CApplication->run()
#3 {main}
REQUEST_URI=/admin/index.php?r=Admin_login
---
2017/04/17 06:05:18 [error] [exception.CHttpException.404] exception 'CHttpException' with message 'Unable to resolve the request "favicon.ico".' in /home/vvf/vvf.kritva.in/admin/framework/web/CWebApplication.php:286
Stack trace:
#0 /home/vvf/vvf.kritva.in/admin/framework/web/CWebApplication.php(141): CWebApplication->runController('favicon.ico')
#1 /home/vvf/vvf.kritva.in/admin/framework/base/CApplication.php(185): CWebApplication->processRequest()
#2 /home/vvf/vvf.kritva.in/admin/index.php(13): CApplication->run()
#3 {main}
REQUEST_URI=/admin/index.php/favicon.ico
---
2017/04/18 06:04:02 [error] [exception.CHttpException.404] exception 'CHttpException' with message 'Unable to resolve the request "favicon.ico".' in /home/vvf/vvf.kritva.in/admin/framework/web/CWebApplication.php:286
Stack trace:
#0 /home/vvf/vvf.kritva.in/admin/framework/web/CWebApplication.php(141): CWebApplication->runController('favicon.ico')
#1 /home/vvf/vvf.kritva.in/admin/framework/base/CApplication.php(185): CWebApplication->processRequest()
#2 /home/vvf/vvf.kritva.in/admin/index.php(13): CApplication->run()
#3 {main}
REQUEST_URI=/admin/index.php/favicon.ico
---
2017/04/24 04:54:21 [error] [exception.CHttpException.404] exception 'CHttpException' with message 'Unable to resolve the request "favicon.ico".' in /home/vvf/vvf.kritva.in/admin/framework/web/CWebApplication.php:286
Stack trace:
#0 /home/vvf/vvf.kritva.in/admin/framework/web/CWebApplication.php(141): CWebApplication->runController('favicon.ico')
#1 /home/vvf/vvf.kritva.in/admin/framework/base/CApplication.php(185): CWebApplication->processRequest()
#2 /home/vvf/vvf.kritva.in/admin/index.php(13): CApplication->run()
#3 {main}
REQUEST_URI=/admin/index.php/favicon.ico
---
2017/04/24 05:24:33 [error] [exception.CHttpException.404] exception 'CHttpException' with message 'Unable to resolve the request "favicon.ico".' in /home/vvf/vvf.kritva.in/admin/framework/web/CWebApplication.php:286
Stack trace:
#0 /home/vvf/vvf.kritva.in/admin/framework/web/CWebApplication.php(141): CWebApplication->runController('favicon.ico')
#1 /home/vvf/vvf.kritva.in/admin/framework/base/CApplication.php(185): CWebApplication->processRequest()
#2 /home/vvf/vvf.kritva.in/admin/index.php(13): CApplication->run()
#3 {main}
REQUEST_URI=/admin/index.php/favicon.ico
---
2017/04/24 10:26:11 [error] [exception.CHttpException.404] exception 'CHttpException' with message 'Unable to resolve the request "favicon.ico".' in /home/vvf/vvf.kritva.in/admin/framework/web/CWebApplication.php:286
Stack trace:
#0 /home/vvf/vvf.kritva.in/admin/framework/web/CWebApplication.php(141): CWebApplication->runController('favicon.ico')
#1 /home/vvf/vvf.kritva.in/admin/framework/base/CApplication.php(185): CWebApplication->processRequest()
#2 /home/vvf/vvf.kritva.in/admin/index.php(13): CApplication->run()
#3 {main}
REQUEST_URI=/admin/index.php/favicon.ico
---
2017/04/24 10:26:14 [error] [exception.CHttpException.404] exception 'CHttpException' with message 'Unable to resolve the request "favicon.ico".' in /home/vvf/vvf.kritva.in/admin/framework/web/CWebApplication.php:286
Stack trace:
#0 /home/vvf/vvf.kritva.in/admin/framework/web/CWebApplication.php(141): CWebApplication->runController('favicon.ico')
#1 /home/vvf/vvf.kritva.in/admin/framework/base/CApplication.php(185): CWebApplication->processRequest()
#2 /home/vvf/vvf.kritva.in/admin/index.php(13): CApplication->run()
#3 {main}
REQUEST_URI=/admin/index.php/favicon.ico
---
2017/04/24 10:35:42 [error] [exception.CHttpException.404] exception 'CHttpException' with message 'Unable to resolve the request "favicon.ico".' in /home/vvf/vvf.kritva.in/admin/framework/web/CWebApplication.php:286
Stack trace:
#0 /home/vvf/vvf.kritva.in/admin/framework/web/CWebApplication.php(141): CWebApplication->runController('favicon.ico')
#1 /home/vvf/vvf.kritva.in/admin/framework/base/CApplication.php(185): CWebApplication->processRequest()
#2 /home/vvf/vvf.kritva.in/admin/index.php(13): CApplication->run()
#3 {main}
REQUEST_URI=/admin/index.php/favicon.ico
---
2017/04/24 10:35:42 [error] [exception.CHttpException.404] exception 'CHttpException' with message 'Unable to resolve the request "favicon.ico".' in /home/vvf/vvf.kritva.in/admin/framework/web/CWebApplication.php:286
Stack trace:
#0 /home/vvf/vvf.kritva.in/admin/framework/web/CWebApplication.php(141): CWebApplication->runController('favicon.ico')
#1 /home/vvf/vvf.kritva.in/admin/framework/base/CApplication.php(185): CWebApplication->processRequest()
#2 /home/vvf/vvf.kritva.in/admin/index.php(13): CApplication->run()
#3 {main}
REQUEST_URI=/admin/index.php/favicon.ico
---
2017/04/24 11:20:50 [error] [exception.CHttpException.404] exception 'CHttpException' with message 'Unable to resolve the request "favicon.ico".' in /home/vvf/vvf.kritva.in/admin/framework/web/CWebApplication.php:286
Stack trace:
#0 /home/vvf/vvf.kritva.in/admin/framework/web/CWebApplication.php(141): CWebApplication->runController('favicon.ico')
#1 /home/vvf/vvf.kritva.in/admin/framework/base/CApplication.php(185): CWebApplication->processRequest()
#2 /home/vvf/vvf.kritva.in/admin/index.php(13): CApplication->run()
#3 {main}
REQUEST_URI=/admin/index.php/favicon.ico
---
2017/04/24 11:20:50 [error] [exception.CHttpException.404] exception 'CHttpException' with message 'Unable to resolve the request "favicon.ico".' in /home/vvf/vvf.kritva.in/admin/framework/web/CWebApplication.php:286
Stack trace:
#0 /home/vvf/vvf.kritva.in/admin/framework/web/CWebApplication.php(141): CWebApplication->runController('favicon.ico')
#1 /home/vvf/vvf.kritva.in/admin/framework/base/CApplication.php(185): CWebApplication->processRequest()
#2 /home/vvf/vvf.kritva.in/admin/index.php(13): CApplication->run()
#3 {main}
REQUEST_URI=/admin/index.php/favicon.ico
---
2017/04/24 12:06:47 [error] [exception.CHttpException.404] exception 'CHttpException' with message 'Unable to resolve the request "favicon.ico".' in /home/vvf/vvf.kritva.in/admin/framework/web/CWebApplication.php:286
Stack trace:
#0 /home/vvf/vvf.kritva.in/admin/framework/web/CWebApplication.php(141): CWebApplication->runController('favicon.ico')
#1 /home/vvf/vvf.kritva.in/admin/framework/base/CApplication.php(185): CWebApplication->processRequest()
#2 /home/vvf/vvf.kritva.in/admin/index.php(13): CApplication->run()
#3 {main}
REQUEST_URI=/admin/index.php/favicon.ico
---
2017/04/24 12:06:47 [error] [exception.CHttpException.404] exception 'CHttpException' with message 'Unable to resolve the request "favicon.ico".' in /home/vvf/vvf.kritva.in/admin/framework/web/CWebApplication.php:286
Stack trace:
#0 /home/vvf/vvf.kritva.in/admin/framework/web/CWebApplication.php(141): CWebApplication->runController('favicon.ico')
#1 /home/vvf/vvf.kritva.in/admin/framework/base/CApplication.php(185): CWebApplication->processRequest()
#2 /home/vvf/vvf.kritva.in/admin/index.php(13): CApplication->run()
#3 {main}
REQUEST_URI=/admin/index.php/favicon.ico
---
2017/04/24 12:29:05 [error] [exception.CHttpException.404] exception 'CHttpException' with message 'Unable to resolve the request "favicon.ico".' in /home/vvf/vvf.kritva.in/admin/framework/web/CWebApplication.php:286
Stack trace:
#0 /home/vvf/vvf.kritva.in/admin/framework/web/CWebApplication.php(141): CWebApplication->runController('favicon.ico')
#1 /home/vvf/vvf.kritva.in/admin/framework/base/CApplication.php(185): CWebApplication->processRequest()
#2 /home/vvf/vvf.kritva.in/admin/index.php(13): CApplication->run()
#3 {main}
REQUEST_URI=/admin/index.php/favicon.ico
---
2017/04/24 12:29:05 [error] [exception.CHttpException.404] exception 'CHttpException' with message 'Unable to resolve the request "favicon.ico".' in /home/vvf/vvf.kritva.in/admin/framework/web/CWebApplication.php:286
Stack trace:
#0 /home/vvf/vvf.kritva.in/admin/framework/web/CWebApplication.php(141): CWebApplication->runController('favicon.ico')
#1 /home/vvf/vvf.kritva.in/admin/framework/base/CApplication.php(185): CWebApplication->processRequest()
#2 /home/vvf/vvf.kritva.in/admin/index.php(13): CApplication->run()
#3 {main}
REQUEST_URI=/admin/index.php/favicon.ico
---
2017/04/24 12:29:06 [error] [exception.CHttpException.404] exception 'CHttpException' with message 'Unable to resolve the request "favicon.ico".' in /home/vvf/vvf.kritva.in/admin/framework/web/CWebApplication.php:286
Stack trace:
#0 /home/vvf/vvf.kritva.in/admin/framework/web/CWebApplication.php(141): CWebApplication->runController('favicon.ico')
#1 /home/vvf/vvf.kritva.in/admin/framework/base/CApplication.php(185): CWebApplication->processRequest()
#2 /home/vvf/vvf.kritva.in/admin/index.php(13): CApplication->run()
#3 {main}
REQUEST_URI=/admin/index.php/favicon.ico
---
2017/04/24 12:29:06 [error] [exception.CHttpException.404] exception 'CHttpException' with message 'Unable to resolve the request "favicon.ico".' in /home/vvf/vvf.kritva.in/admin/framework/web/CWebApplication.php:286
Stack trace:
#0 /home/vvf/vvf.kritva.in/admin/framework/web/CWebApplication.php(141): CWebApplication->runController('favicon.ico')
#1 /home/vvf/vvf.kritva.in/admin/framework/base/CApplication.php(185): CWebApplication->processRequest()
#2 /home/vvf/vvf.kritva.in/admin/index.php(13): CApplication->run()
#3 {main}
REQUEST_URI=/admin/index.php/favicon.ico
---
2017/04/24 13:01:46 [error] [exception.CHttpException.404] exception 'CHttpException' with message 'Unable to resolve the request "favicon.ico".' in /home/vvf/vvf.kritva.in/admin/framework/web/CWebApplication.php:286
Stack trace:
#0 /home/vvf/vvf.kritva.in/admin/framework/web/CWebApplication.php(141): CWebApplication->runController('favicon.ico')
#1 /home/vvf/vvf.kritva.in/admin/framework/base/CApplication.php(185): CWebApplication->processRequest()
#2 /home/vvf/vvf.kritva.in/admin/index.php(13): CApplication->run()
#3 {main}
REQUEST_URI=/admin/index.php/favicon.ico
---
2017/04/24 13:01:46 [error] [exception.CHttpException.404] exception 'CHttpException' with message 'Unable to resolve the request "favicon.ico".' in /home/vvf/vvf.kritva.in/admin/framework/web/CWebApplication.php:286
Stack trace:
#0 /home/vvf/vvf.kritva.in/admin/framework/web/CWebApplication.php(141): CWebApplication->runController('favicon.ico')
#1 /home/vvf/vvf.kritva.in/admin/framework/base/CApplication.php(185): CWebApplication->processRequest()
#2 /home/vvf/vvf.kritva.in/admin/index.php(13): CApplication->run()
#3 {main}
REQUEST_URI=/admin/index.php/favicon.ico
---
2017/04/24 13:01:46 [error] [exception.CHttpException.404] exception 'CHttpException' with message 'Unable to resolve the request "favicon.ico".' in /home/vvf/vvf.kritva.in/admin/framework/web/CWebApplication.php:286
Stack trace:
#0 /home/vvf/vvf.kritva.in/admin/framework/web/CWebApplication.php(141): CWebApplication->runController('favicon.ico')
#1 /home/vvf/vvf.kritva.in/admin/framework/base/CApplication.php(185): CWebApplication->processRequest()
#2 /home/vvf/vvf.kritva.in/admin/index.php(13): CApplication->run()
#3 {main}
REQUEST_URI=/admin/index.php/favicon.ico
---
2017/04/24 13:01:46 [error] [exception.CHttpException.404] exception 'CHttpException' with message 'Unable to resolve the request "favicon.ico".' in /home/vvf/vvf.kritva.in/admin/framework/web/CWebApplication.php:286
Stack trace:
#0 /home/vvf/vvf.kritva.in/admin/framework/web/CWebApplication.php(141): CWebApplication->runController('favicon.ico')
#1 /home/vvf/vvf.kritva.in/admin/framework/base/CApplication.php(185): CWebApplication->processRequest()
#2 /home/vvf/vvf.kritva.in/admin/index.php(13): CApplication->run()
#3 {main}
REQUEST_URI=/admin/index.php/favicon.ico
---
2017/04/24 13:36:25 [error] [exception.CHttpException.404] exception 'CHttpException' with message 'Unable to resolve the request "favicon.ico".' in /home/vvf/vvf.kritva.in/admin/framework/web/CWebApplication.php:286
Stack trace:
#0 /home/vvf/vvf.kritva.in/admin/framework/web/CWebApplication.php(141): CWebApplication->runController('favicon.ico')
#1 /home/vvf/vvf.kritva.in/admin/framework/base/CApplication.php(185): CWebApplication->processRequest()
#2 /home/vvf/vvf.kritva.in/admin/index.php(13): CApplication->run()
#3 {main}
REQUEST_URI=/admin/index.php/favicon.ico
---
2017/04/24 13:36:26 [error] [exception.CHttpException.404] exception 'CHttpException' with message 'Unable to resolve the request "favicon.ico".' in /home/vvf/vvf.kritva.in/admin/framework/web/CWebApplication.php:286
Stack trace:
#0 /home/vvf/vvf.kritva.in/admin/framework/web/CWebApplication.php(141): CWebApplication->runController('favicon.ico')
#1 /home/vvf/vvf.kritva.in/admin/framework/base/CApplication.php(185): CWebApplication->processRequest()
#2 /home/vvf/vvf.kritva.in/admin/index.php(13): CApplication->run()
#3 {main}
REQUEST_URI=/admin/index.php/favicon.ico
---
2017/04/24 13:36:27 [error] [exception.CHttpException.404] exception 'CHttpException' with message 'Unable to resolve the request "favicon.ico".' in /home/vvf/vvf.kritva.in/admin/framework/web/CWebApplication.php:286
Stack trace:
#0 /home/vvf/vvf.kritva.in/admin/framework/web/CWebApplication.php(141): CWebApplication->runController('favicon.ico')
#1 /home/vvf/vvf.kritva.in/admin/framework/base/CApplication.php(185): CWebApplication->processRequest()
#2 /home/vvf/vvf.kritva.in/admin/index.php(13): CApplication->run()
#3 {main}
REQUEST_URI=/admin/index.php/favicon.ico
---
2017/04/24 13:36:27 [error] [exception.CHttpException.404] exception 'CHttpException' with message 'Unable to resolve the request "favicon.ico".' in /home/vvf/vvf.kritva.in/admin/framework/web/CWebApplication.php:286
Stack trace:
#0 /home/vvf/vvf.kritva.in/admin/framework/web/CWebApplication.php(141): CWebApplication->runController('favicon.ico')
#1 /home/vvf/vvf.kritva.in/admin/framework/base/CApplication.php(185): CWebApplication->processRequest()
#2 /home/vvf/vvf.kritva.in/admin/index.php(13): CApplication->run()
#3 {main}
REQUEST_URI=/admin/index.php/favicon.ico
---
2017/05/04 09:11:07 [error] [exception.CHttpException.404] exception 'CHttpException' with message 'Unable to resolve the request "admin_dashboard".' in /home/vvf/vvf.kritva.in/admin/framework/web/CWebApplication.php:286
Stack trace:
#0 /home/vvf/vvf.kritva.in/admin/framework/web/CWebApplication.php(141): CWebApplication->runController('admin_dashboard')
#1 /home/vvf/vvf.kritva.in/admin/framework/base/CApplication.php(185): CWebApplication->processRequest()
#2 /home/vvf/vvf.kritva.in/admin/index.php(13): CApplication->run()
#3 {main}
REQUEST_URI=/admin/index.php?r=admin_dashboard
HTTP_REFERER=http://temp.com
---
2017/05/05 07:15:32 [error] [exception.CHttpException.404] exception 'CHttpException' with message 'Unable to resolve the request "favicon.ico".' in /home/vvf/vvf.kritva.in/admin/framework/web/CWebApplication.php:286
Stack trace:
#0 /home/vvf/vvf.kritva.in/admin/framework/web/CWebApplication.php(141): CWebApplication->runController('favicon.ico')
#1 /home/vvf/vvf.kritva.in/admin/framework/base/CApplication.php(185): CWebApplication->processRequest()
#2 /home/vvf/vvf.kritva.in/admin/index.php(13): CApplication->run()
#3 {main}
REQUEST_URI=/admin/index.php/favicon.ico
---
2017/05/05 07:15:32 [error] [exception.CHttpException.404] exception 'CHttpException' with message 'Unable to resolve the request "favicon.ico".' in /home/vvf/vvf.kritva.in/admin/framework/web/CWebApplication.php:286
Stack trace:
#0 /home/vvf/vvf.kritva.in/admin/framework/web/CWebApplication.php(141): CWebApplication->runController('favicon.ico')
#1 /home/vvf/vvf.kritva.in/admin/framework/base/CApplication.php(185): CWebApplication->processRequest()
#2 /home/vvf/vvf.kritva.in/admin/index.php(13): CApplication->run()
#3 {main}
REQUEST_URI=/admin/index.php/favicon.ico
---
2017/05/08 03:49:12 [error] [exception.CHttpException.404] exception 'CHttpException' with message 'The system is unable to find the requested action "favicon.ico".' in /home/vvf/vvf.kritva.in/admin/framework/web/CController.php:483
Stack trace:
#0 /home/vvf/vvf.kritva.in/admin/framework/web/CController.php(270): CController->missingAction('favicon.ico')
#1 /home/vvf/vvf.kritva.in/admin/framework/web/CWebApplication.php(282): CController->run('favicon.ico')
#2 /home/vvf/vvf.kritva.in/admin/framework/web/CWebApplication.php(141): CWebApplication->runController('Newemployee/fav...')
#3 /home/vvf/vvf.kritva.in/admin/framework/base/CApplication.php(185): CWebApplication->processRequest()
#4 /home/vvf/vvf.kritva.in/admin/index.php(13): CApplication->run()
#5 {main}
REQUEST_URI=/admin/index.php/Newemployee/favicon.ico
---
2017/05/08 03:49:31 [error] [exception.CHttpException.404] exception 'CHttpException' with message 'The system is unable to find the requested action "favicon.ico".' in /home/vvf/vvf.kritva.in/admin/framework/web/CController.php:483
Stack trace:
#0 /home/vvf/vvf.kritva.in/admin/framework/web/CController.php(270): CController->missingAction('favicon.ico')
#1 /home/vvf/vvf.kritva.in/admin/framework/web/CWebApplication.php(282): CController->run('favicon.ico')
#2 /home/vvf/vvf.kritva.in/admin/framework/web/CWebApplication.php(141): CWebApplication->runController('Newemployee/fav...')
#3 /home/vvf/vvf.kritva.in/admin/framework/base/CApplication.php(185): CWebApplication->processRequest()
#4 /home/vvf/vvf.kritva.in/admin/index.php(13): CApplication->run()
#5 {main}
REQUEST_URI=/admin/index.php/Newemployee/favicon.ico
---
2017/05/09 06:46:38 [error] [exception.CHttpException.404] exception 'CHttpException' with message 'Unable to resolve the request "favicon.ico".' in /home/vvf/vvf.kritva.in/admin/framework/web/CWebApplication.php:286
Stack trace:
#0 /home/vvf/vvf.kritva.in/admin/framework/web/CWebApplication.php(141): CWebApplication->runController('favicon.ico')
#1 /home/vvf/vvf.kritva.in/admin/framework/base/CApplication.php(185): CWebApplication->processRequest()
#2 /home/vvf/vvf.kritva.in/admin/index.php(13): CApplication->run()
#3 {main}
REQUEST_URI=/admin/index.php/favicon.ico
---
2017/05/09 06:46:38 [error] [exception.CHttpException.404] exception 'CHttpException' with message 'Unable to resolve the request "favicon.ico".' in /home/vvf/vvf.kritva.in/admin/framework/web/CWebApplication.php:286
Stack trace:
#0 /home/vvf/vvf.kritva.in/admin/framework/web/CWebApplication.php(141): CWebApplication->runController('favicon.ico')
#1 /home/vvf/vvf.kritva.in/admin/framework/base/CApplication.php(185): CWebApplication->processRequest()
#2 /home/vvf/vvf.kritva.in/admin/index.php(13): CApplication->run()
#3 {main}
REQUEST_URI=/admin/index.php/favicon.ico
---
2017/05/10 14:01:28 [error] [exception.CHttpException.404] exception 'CHttpException' with message 'Unable to resolve the request "favicon.ico".' in /home/vvf/vvf.kritva.in/admin/framework/web/CWebApplication.php:286
Stack trace:
#0 /home/vvf/vvf.kritva.in/admin/framework/web/CWebApplication.php(141): CWebApplication->runController('favicon.ico')
#1 /home/vvf/vvf.kritva.in/admin/framework/base/CApplication.php(185): CWebApplication->processRequest()
#2 /home/vvf/vvf.kritva.in/admin/index.php(13): CApplication->run()
#3 {main}
REQUEST_URI=/admin/index.php/favicon.ico
---
2017/05/12 05:59:52 [error] [exception.CHttpException.404] exception 'CHttpException' with message 'Unable to resolve the request "favicon.ico".' in /home/vvf/vvf.kritva.in/admin/framework/web/CWebApplication.php:286
Stack trace:
#0 /home/vvf/vvf.kritva.in/admin/framework/web/CWebApplication.php(141): CWebApplication->runController('favicon.ico')
#1 /home/vvf/vvf.kritva.in/admin/framework/base/CApplication.php(185): CWebApplication->processRequest()
#2 /home/vvf/vvf.kritva.in/admin/index.php(13): CApplication->run()
#3 {main}
REQUEST_URI=/admin/index.php/favicon.ico
---
2017/06/07 04:45:26 [error] [php] array_filter() expects parameter 1 to be array, null given (/home/vvf/vvf.kritva.in/admin/protected/controllers/Admin_DashboardController.php:386)
Stack trace:
#0 /home/vvf/vvf.kritva.in/admin/framework/web/CController.php(308): CInlineAction->runWithParams()
#1 /home/vvf/vvf.kritva.in/admin/framework/web/CController.php(286): Admin_DashboardController->runAction()
#2 /home/vvf/vvf.kritva.in/admin/framework/web/CController.php(265): Admin_DashboardController->runActionWithFilters()
#3 /home/vvf/vvf.kritva.in/admin/framework/web/CWebApplication.php(282): Admin_DashboardController->run()
#4 /home/vvf/vvf.kritva.in/admin/framework/web/CWebApplication.php(141): CWebApplication->runController()
#5 /home/vvf/vvf.kritva.in/admin/framework/base/CApplication.php(185): CWebApplication->processRequest()
#6 /home/vvf/vvf.kritva.in/admin/index.php(13): CWebApplication->run()
REQUEST_URI=/admin/index.php?r=Admin_Dashboard
2017/06/24 05:31:29 [error] [exception.CHttpException.404] exception 'CHttpException' with message 'Unable to resolve the request "favicon.ico".' in /home/vvf/vvf.kritva.in/admin/framework/web/CWebApplication.php:286
Stack trace:
#0 /home/vvf/vvf.kritva.in/admin/framework/web/CWebApplication.php(141): CWebApplication->runController('favicon.ico')
#1 /home/vvf/vvf.kritva.in/admin/framework/base/CApplication.php(185): CWebApplication->processRequest()
#2 /home/vvf/vvf.kritva.in/admin/index.php(13): CApplication->run()
#3 {main}
REQUEST_URI=/admin/index.php/favicon.ico
---
2017/06/24 05:31:52 [error] [php] array_filter() expects parameter 1 to be array, null given (/home/vvf/vvf.kritva.in/admin/protected/controllers/Admin_DashboardController.php:386)
Stack trace:
#0 /home/vvf/vvf.kritva.in/admin/framework/web/CController.php(308): CInlineAction->runWithParams()
#1 /home/vvf/vvf.kritva.in/admin/framework/web/CController.php(286): Admin_DashboardController->runAction()
#2 /home/vvf/vvf.kritva.in/admin/framework/web/CController.php(265): Admin_DashboardController->runActionWithFilters()
#3 /home/vvf/vvf.kritva.in/admin/framework/web/CWebApplication.php(282): Admin_DashboardController->run()
#4 /home/vvf/vvf.kritva.in/admin/framework/web/CWebApplication.php(141): CWebApplication->runController()
#5 /home/vvf/vvf.kritva.in/admin/framework/base/CApplication.php(185): CWebApplication->processRequest()
#6 /home/vvf/vvf.kritva.in/admin/index.php(13): CWebApplication->run()
REQUEST_URI=/admin/index.php?r=Admin_Dashboard
2017/06/24 05:32:08 [error] [php] array_filter() expects parameter 1 to be array, null given (/home/vvf/vvf.kritva.in/admin/protected/controllers/Admin_DashboardController.php:386)
Stack trace:
#0 /home/vvf/vvf.kritva.in/admin/framework/web/CController.php(308): CInlineAction->runWithParams()
#1 /home/vvf/vvf.kritva.in/admin/framework/web/CController.php(286): Admin_DashboardController->runAction()
#2 /home/vvf/vvf.kritva.in/admin/framework/web/CController.php(265): Admin_DashboardController->runActionWithFilters()
#3 /home/vvf/vvf.kritva.in/admin/framework/web/CWebApplication.php(282): Admin_DashboardController->run()
#4 /home/vvf/vvf.kritva.in/admin/framework/web/CWebApplication.php(141): CWebApplication->runController()
#5 /home/vvf/vvf.kritva.in/admin/framework/base/CApplication.php(185): CWebApplication->processRequest()
#6 /home/vvf/vvf.kritva.in/admin/index.php(13): CWebApplication->run()
REQUEST_URI=/admin/index.php?r=Admin_Dashboard
2017/06/24 06:31:49 [error] [php] array_filter() expects parameter 1 to be array, null given (/home/vvf/vvf.kritva.in/admin/protected/controllers/Admin_DashboardController.php:386)
Stack trace:
#0 /home/vvf/vvf.kritva.in/admin/framework/web/CController.php(308): CInlineAction->runWithParams()
#1 /home/vvf/vvf.kritva.in/admin/framework/web/CController.php(286): Admin_DashboardController->runAction()
#2 /home/vvf/vvf.kritva.in/admin/framework/web/CController.php(265): Admin_DashboardController->runActionWithFilters()
#3 /home/vvf/vvf.kritva.in/admin/framework/web/CWebApplication.php(282): Admin_DashboardController->run()
#4 /home/vvf/vvf.kritva.in/admin/framework/web/CWebApplication.php(141): CWebApplication->runController()
#5 /home/vvf/vvf.kritva.in/admin/framework/base/CApplication.php(185): CWebApplication->processRequest()
#6 /home/vvf/vvf.kritva.in/admin/index.php(13): CWebApplication->run()
REQUEST_URI=/admin/index.php?r=Admin_Dashboard
2017/06/24 06:32:24 [error] [php] array_filter() expects parameter 1 to be array, null given (/home/vvf/vvf.kritva.in/admin/protected/controllers/Admin_DashboardController.php:386)
Stack trace:
#0 /home/vvf/vvf.kritva.in/admin/framework/web/CController.php(308): CInlineAction->runWithParams()
#1 /home/vvf/vvf.kritva.in/admin/framework/web/CController.php(286): Admin_DashboardController->runAction()
#2 /home/vvf/vvf.kritva.in/admin/framework/web/CController.php(265): Admin_DashboardController->runActionWithFilters()
#3 /home/vvf/vvf.kritva.in/admin/framework/web/CWebApplication.php(282): Admin_DashboardController->run()
#4 /home/vvf/vvf.kritva.in/admin/framework/web/CWebApplication.php(141): CWebApplication->runController()
#5 /home/vvf/vvf.kritva.in/admin/framework/base/CApplication.php(185): CWebApplication->processRequest()
#6 /home/vvf/vvf.kritva.in/admin/index.php(13): CWebApplication->run()
REQUEST_URI=/admin/index.php?r=Admin_Dashboard
2017/06/24 06:33:11 [error] [php] array_filter() expects parameter 1 to be array, null given (/home/vvf/vvf.kritva.in/admin/protected/controllers/Admin_DashboardController.php:386)
Stack trace:
#0 /home/vvf/vvf.kritva.in/admin/framework/web/CController.php(308): CInlineAction->runWithParams()
#1 /home/vvf/vvf.kritva.in/admin/framework/web/CController.php(286): Admin_DashboardController->runAction()
#2 /home/vvf/vvf.kritva.in/admin/framework/web/CController.php(265): Admin_DashboardController->runActionWithFilters()
#3 /home/vvf/vvf.kritva.in/admin/framework/web/CWebApplication.php(282): Admin_DashboardController->run()
#4 /home/vvf/vvf.kritva.in/admin/framework/web/CWebApplication.php(141): CWebApplication->runController()
#5 /home/vvf/vvf.kritva.in/admin/framework/base/CApplication.php(185): CWebApplication->processRequest()
#6 /home/vvf/vvf.kritva.in/admin/index.php(13): CWebApplication->run()
REQUEST_URI=/admin/index.php?r=Admin_Dashboard
2017/06/24 06:34:52 [error] [php] array_filter() expects parameter 1 to be array, null given (/home/vvf/vvf.kritva.in/admin/protected/controllers/Admin_DashboardController.php:386)
Stack trace:
#0 /home/vvf/vvf.kritva.in/admin/framework/web/CController.php(308): CInlineAction->runWithParams()
#1 /home/vvf/vvf.kritva.in/admin/framework/web/CController.php(286): Admin_DashboardController->runAction()
#2 /home/vvf/vvf.kritva.in/admin/framework/web/CController.php(265): Admin_DashboardController->runActionWithFilters()
#3 /home/vvf/vvf.kritva.in/admin/framework/web/CWebApplication.php(282): Admin_DashboardController->run()
#4 /home/vvf/vvf.kritva.in/admin/framework/web/CWebApplication.php(141): CWebApplication->runController()
#5 /home/vvf/vvf.kritva.in/admin/framework/base/CApplication.php(185): CWebApplication->processRequest()
#6 /home/vvf/vvf.kritva.in/admin/index.php(13): CWebApplication->run()
REQUEST_URI=/admin/index.php?r=Admin_Dashboard
2017/06/24 06:35:35 [error] [php] array_filter() expects parameter 1 to be array, null given (/home/vvf/vvf.kritva.in/admin/protected/controllers/Admin_DashboardController.php:386)
Stack trace:
#0 /home/vvf/vvf.kritva.in/admin/framework/web/CController.php(308): CInlineAction->runWithParams()
#1 /home/vvf/vvf.kritva.in/admin/framework/web/CController.php(286): Admin_DashboardController->runAction()
#2 /home/vvf/vvf.kritva.in/admin/framework/web/CController.php(265): Admin_DashboardController->runActionWithFilters()
#3 /home/vvf/vvf.kritva.in/admin/framework/web/CWebApplication.php(282): Admin_DashboardController->run()
#4 /home/vvf/vvf.kritva.in/admin/framework/web/CWebApplication.php(141): CWebApplication->runController()
#5 /home/vvf/vvf.kritva.in/admin/framework/base/CApplication.php(185): CWebApplication->processRequest()
#6 /home/vvf/vvf.kritva.in/admin/index.php(13): CWebApplication->run()
REQUEST_URI=/admin/index.php?r=Admin_Dashboard
2017/06/24 07:13:15 [error] [php] array_filter() expects parameter 1 to be array, null given (/home/vvf/vvf.kritva.in/admin/protected/controllers/Admin_DashboardController.php:386)
Stack trace:
#0 /home/vvf/vvf.kritva.in/admin/framework/web/CController.php(308): CInlineAction->runWithParams()
#1 /home/vvf/vvf.kritva.in/admin/framework/web/CController.php(286): Admin_DashboardController->runAction()
#2 /home/vvf/vvf.kritva.in/admin/framework/web/CController.php(265): Admin_DashboardController->runActionWithFilters()
#3 /home/vvf/vvf.kritva.in/admin/framework/web/CWebApplication.php(282): Admin_DashboardController->run()
#4 /home/vvf/vvf.kritva.in/admin/framework/web/CWebApplication.php(141): CWebApplication->runController()
#5 /home/vvf/vvf.kritva.in/admin/framework/base/CApplication.php(185): CWebApplication->processRequest()
#6 /home/vvf/vvf.kritva.in/admin/index.php(13): CWebApplication->run()
REQUEST_URI=/admin/index.php?r=Admin_Dashboard
2017/06/24 07:31:52 [error] [php] array_filter() expects parameter 1 to be array, null given (/home/vvf/vvf.kritva.in/admin/protected/controllers/Admin_DashboardController.php:386)
Stack trace:
#0 /home/vvf/vvf.kritva.in/admin/framework/web/CController.php(308): CInlineAction->runWithParams()
#1 /home/vvf/vvf.kritva.in/admin/framework/web/CController.php(286): Admin_DashboardController->runAction()
#2 /home/vvf/vvf.kritva.in/admin/framework/web/CController.php(265): Admin_DashboardController->runActionWithFilters()
#3 /home/vvf/vvf.kritva.in/admin/framework/web/CWebApplication.php(282): Admin_DashboardController->run()
#4 /home/vvf/vvf.kritva.in/admin/framework/web/CWebApplication.php(141): CWebApplication->runController()
#5 /home/vvf/vvf.kritva.in/admin/framework/base/CApplication.php(185): CWebApplication->processRequest()
#6 /home/vvf/vvf.kritva.in/admin/index.php(13): CWebApplication->run()
REQUEST_URI=/admin/index.php?r=Admin_Dashboard
2017/06/26 05:06:43 [error] [php] array_filter() expects parameter 1 to be array, null given (/home/vvf/vvf.kritva.in/admin/protected/controllers/Admin_DashboardController.php:386)
Stack trace:
#0 /home/vvf/vvf.kritva.in/admin/framework/web/CController.php(308): CInlineAction->runWithParams()
#1 /home/vvf/vvf.kritva.in/admin/framework/web/CController.php(286): Admin_DashboardController->runAction()
#2 /home/vvf/vvf.kritva.in/admin/framework/web/CController.php(265): Admin_DashboardController->runActionWithFilters()
#3 /home/vvf/vvf.kritva.in/admin/framework/web/CWebApplication.php(282): Admin_DashboardController->run()
#4 /home/vvf/vvf.kritva.in/admin/framework/web/CWebApplication.php(141): CWebApplication->runController()
#5 /home/vvf/vvf.kritva.in/admin/framework/base/CApplication.php(185): CWebApplication->processRequest()
#6 /home/vvf/vvf.kritva.in/admin/index.php(13): CWebApplication->run()
REQUEST_URI=/admin/index.php?r=Admin_Dashboard
2017/06/26 11:24:08 [error] [exception.CHttpException.404] exception 'CHttpException' with message 'Unable to resolve the request "favicon.ico".' in /home/vvf/vvf.kritva.in/admin/framework/web/CWebApplication.php:286
Stack trace:
#0 /home/vvf/vvf.kritva.in/admin/framework/web/CWebApplication.php(141): CWebApplication->runController('favicon.ico')
#1 /home/vvf/vvf.kritva.in/admin/framework/base/CApplication.php(185): CWebApplication->processRequest()
#2 /home/vvf/vvf.kritva.in/admin/index.php(13): CApplication->run()
#3 {main}
REQUEST_URI=/admin/index.php/favicon.ico
---
2017/06/26 11:25:01 [error] [php] array_filter() expects parameter 1 to be array, null given (/home/vvf/vvf.kritva.in/admin/protected/controllers/Admin_DashboardController.php:386)
Stack trace:
#0 /home/vvf/vvf.kritva.in/admin/framework/web/CController.php(308): CInlineAction->runWithParams()
#1 /home/vvf/vvf.kritva.in/admin/framework/web/CController.php(286): Admin_DashboardController->runAction()
#2 /home/vvf/vvf.kritva.in/admin/framework/web/CController.php(265): Admin_DashboardController->runActionWithFilters()
#3 /home/vvf/vvf.kritva.in/admin/framework/web/CWebApplication.php(282): Admin_DashboardController->run()
#4 /home/vvf/vvf.kritva.in/admin/framework/web/CWebApplication.php(141): CWebApplication->runController()
#5 /home/vvf/vvf.kritva.in/admin/framework/base/CApplication.php(185): CWebApplication->processRequest()
#6 /home/vvf/vvf.kritva.in/admin/index.php(13): CWebApplication->run()
REQUEST_URI=/admin/index.php?r=Admin_Dashboard
2017/06/26 11:25:36 [error] [php] array_filter() expects parameter 1 to be array, null given (/home/vvf/vvf.kritva.in/admin/protected/controllers/Admin_DashboardController.php:386)
Stack trace:
#0 /home/vvf/vvf.kritva.in/admin/framework/web/CController.php(308): CInlineAction->runWithParams()
#1 /home/vvf/vvf.kritva.in/admin/framework/web/CController.php(286): Admin_DashboardController->runAction()
#2 /home/vvf/vvf.kritva.in/admin/framework/web/CController.php(265): Admin_DashboardController->runActionWithFilters()
#3 /home/vvf/vvf.kritva.in/admin/framework/web/CWebApplication.php(282): Admin_DashboardController->run()
#4 /home/vvf/vvf.kritva.in/admin/framework/web/CWebApplication.php(141): CWebApplication->runController()
#5 /home/vvf/vvf.kritva.in/admin/framework/base/CApplication.php(185): CWebApplication->processRequest()
#6 /home/vvf/vvf.kritva.in/admin/index.php(13): CWebApplication->run()
REQUEST_URI=/admin/index.php?r=Admin_Dashboard
2017/06/26 11:31:53 [error] [php] array_filter() expects parameter 1 to be array, null given (/home/vvf/vvf.kritva.in/admin/protected/controllers/Admin_DashboardController.php:386)
Stack trace:
#0 /home/vvf/vvf.kritva.in/admin/framework/web/CController.php(308): CInlineAction->runWithParams()
#1 /home/vvf/vvf.kritva.in/admin/framework/web/CController.php(286): Admin_DashboardController->runAction()
#2 /home/vvf/vvf.kritva.in/admin/framework/web/CController.php(265): Admin_DashboardController->runActionWithFilters()
#3 /home/vvf/vvf.kritva.in/admin/framework/web/CWebApplication.php(282): Admin_DashboardController->run()
#4 /home/vvf/vvf.kritva.in/admin/framework/web/CWebApplication.php(141): CWebApplication->runController()
#5 /home/vvf/vvf.kritva.in/admin/framework/base/CApplication.php(185): CWebApplication->processRequest()
#6 /home/vvf/vvf.kritva.in/admin/index.php(13): CWebApplication->run()
REQUEST_URI=/admin/index.php?r=Admin_Dashboard
2017/06/26 11:31:56 [error] [php] array_filter() expects parameter 1 to be array, null given (/home/vvf/vvf.kritva.in/admin/protected/controllers/Admin_DashboardController.php:386)
Stack trace:
#0 /home/vvf/vvf.kritva.in/admin/framework/web/CController.php(308): CInlineAction->runWithParams()
#1 /home/vvf/vvf.kritva.in/admin/framework/web/CController.php(286): Admin_DashboardController->runAction()
#2 /home/vvf/vvf.kritva.in/admin/framework/web/CController.php(265): Admin_DashboardController->runActionWithFilters()
#3 /home/vvf/vvf.kritva.in/admin/framework/web/CWebApplication.php(282): Admin_DashboardController->run()
#4 /home/vvf/vvf.kritva.in/admin/framework/web/CWebApplication.php(141): CWebApplication->runController()
#5 /home/vvf/vvf.kritva.in/admin/framework/base/CApplication.php(185): CWebApplication->processRequest()
#6 /home/vvf/vvf.kritva.in/admin/index.php(13): CWebApplication->run()
REQUEST_URI=/admin/index.php?r=Admin_Dashboard
2017/06/26 11:31:58 [error] [php] array_filter() expects parameter 1 to be array, null given (/home/vvf/vvf.kritva.in/admin/protected/controllers/Admin_DashboardController.php:386)
Stack trace:
#0 /home/vvf/vvf.kritva.in/admin/framework/web/CController.php(308): CInlineAction->runWithParams()
#1 /home/vvf/vvf.kritva.in/admin/framework/web/CController.php(286): Admin_DashboardController->runAction()
#2 /home/vvf/vvf.kritva.in/admin/framework/web/CController.php(265): Admin_DashboardController->runActionWithFilters()
#3 /home/vvf/vvf.kritva.in/admin/framework/web/CWebApplication.php(282): Admin_DashboardController->run()
#4 /home/vvf/vvf.kritva.in/admin/framework/web/CWebApplication.php(141): CWebApplication->runController()
#5 /home/vvf/vvf.kritva.in/admin/framework/base/CApplication.php(185): CWebApplication->processRequest()
#6 /home/vvf/vvf.kritva.in/admin/index.php(13): CWebApplication->run()
REQUEST_URI=/admin/index.php?r=Admin_Dashboard
2017/06/26 11:31:59 [error] [php] array_filter() expects parameter 1 to be array, null given (/home/vvf/vvf.kritva.in/admin/protected/controllers/Admin_DashboardController.php:386)
Stack trace:
#0 /home/vvf/vvf.kritva.in/admin/framework/web/CController.php(308): CInlineAction->runWithParams()
#1 /home/vvf/vvf.kritva.in/admin/framework/web/CController.php(286): Admin_DashboardController->runAction()
#2 /home/vvf/vvf.kritva.in/admin/framework/web/CController.php(265): Admin_DashboardController->runActionWithFilters()
#3 /home/vvf/vvf.kritva.in/admin/framework/web/CWebApplication.php(282): Admin_DashboardController->run()
#4 /home/vvf/vvf.kritva.in/admin/framework/web/CWebApplication.php(141): CWebApplication->runController()
#5 /home/vvf/vvf.kritva.in/admin/framework/base/CApplication.php(185): CWebApplication->processRequest()
#6 /home/vvf/vvf.kritva.in/admin/index.php(13): CWebApplication->run()
REQUEST_URI=/admin/index.php?r=Admin_Dashboard
2017/06/26 11:32:00 [error] [php] array_filter() expects parameter 1 to be array, null given (/home/vvf/vvf.kritva.in/admin/protected/controllers/Admin_DashboardController.php:386)
Stack trace:
#0 /home/vvf/vvf.kritva.in/admin/framework/web/CController.php(308): CInlineAction->runWithParams()
#1 /home/vvf/vvf.kritva.in/admin/framework/web/CController.php(286): Admin_DashboardController->runAction()
#2 /home/vvf/vvf.kritva.in/admin/framework/web/CController.php(265): Admin_DashboardController->runActionWithFilters()
#3 /home/vvf/vvf.kritva.in/admin/framework/web/CWebApplication.php(282): Admin_DashboardController->run()
#4 /home/vvf/vvf.kritva.in/admin/framework/web/CWebApplication.php(141): CWebApplication->runController()
#5 /home/vvf/vvf.kritva.in/admin/framework/base/CApplication.php(185): CWebApplication->processRequest()
#6 /home/vvf/vvf.kritva.in/admin/index.php(13): CWebApplication->run()
REQUEST_URI=/admin/index.php?r=Admin_Dashboard
2017/06/26 11:36:31 [error] [php] array_filter() expects parameter 1 to be array, null given (/home/vvf/vvf.kritva.in/admin/protected/controllers/Admin_DashboardController.php:386)
Stack trace:
#0 /home/vvf/vvf.kritva.in/admin/framework/web/CController.php(308): CInlineAction->runWithParams()
#1 /home/vvf/vvf.kritva.in/admin/framework/web/CController.php(286): Admin_DashboardController->runAction()
#2 /home/vvf/vvf.kritva.in/admin/framework/web/CController.php(265): Admin_DashboardController->runActionWithFilters()
#3 /home/vvf/vvf.kritva.in/admin/framework/web/CWebApplication.php(282): Admin_DashboardController->run()
#4 /home/vvf/vvf.kritva.in/admin/framework/web/CWebApplication.php(141): CWebApplication->runController()
#5 /home/vvf/vvf.kritva.in/admin/framework/base/CApplication.php(185): CWebApplication->processRequest()
#6 /home/vvf/vvf.kritva.in/admin/index.php(13): CWebApplication->run()
REQUEST_URI=/admin/index.php?r=Admin_Dashboard
2017/06/26 11:36:31 [error] [php] array_filter() expects parameter 1 to be array, null given (/home/vvf/vvf.kritva.in/admin/protected/controllers/Admin_DashboardController.php:386)
Stack trace:
#0 /home/vvf/vvf.kritva.in/admin/framework/web/CController.php(308): CInlineAction->runWithParams()
#1 /home/vvf/vvf.kritva.in/admin/framework/web/CController.php(286): Admin_DashboardController->runAction()
#2 /home/vvf/vvf.kritva.in/admin/framework/web/CController.php(265): Admin_DashboardController->runActionWithFilters()
#3 /home/vvf/vvf.kritva.in/admin/framework/web/CWebApplication.php(282): Admin_DashboardController->run()
#4 /home/vvf/vvf.kritva.in/admin/framework/web/CWebApplication.php(141): CWebApplication->runController()
#5 /home/vvf/vvf.kritva.in/admin/framework/base/CApplication.php(185): CWebApplication->processRequest()
#6 /home/vvf/vvf.kritva.in/admin/index.php(13): CWebApplication->run()
REQUEST_URI=/admin/index.php?r=Admin_Dashboard
2017/06/26 11:36:31 [error] [php] array_filter() expects parameter 1 to be array, null given (/home/vvf/vvf.kritva.in/admin/protected/controllers/Admin_DashboardController.php:386)
Stack trace:
#0 /home/vvf/vvf.kritva.in/admin/framework/web/CController.php(308): CInlineAction->runWithParams()
#1 /home/vvf/vvf.kritva.in/admin/framework/web/CController.php(286): Admin_DashboardController->runAction()
#2 /home/vvf/vvf.kritva.in/admin/framework/web/CController.php(265): Admin_DashboardController->runActionWithFilters()
#3 /home/vvf/vvf.kritva.in/admin/framework/web/CWebApplication.php(282): Admin_DashboardController->run()
#4 /home/vvf/vvf.kritva.in/admin/framework/web/CWebApplication.php(141): CWebApplication->runController()
#5 /home/vvf/vvf.kritva.in/admin/framework/base/CApplication.php(185): CWebApplication->processRequest()
#6 /home/vvf/vvf.kritva.in/admin/index.php(13): CWebApplication->run()
REQUEST_URI=/admin/index.php?r=Admin_Dashboard
2017/06/26 11:36:32 [error] [php] array_filter() expects parameter 1 to be array, null given (/home/vvf/vvf.kritva.in/admin/protected/controllers/Admin_DashboardController.php:386)
Stack trace:
#0 /home/vvf/vvf.kritva.in/admin/framework/web/CController.php(308): CInlineAction->runWithParams()
#1 /home/vvf/vvf.kritva.in/admin/framework/web/CController.php(286): Admin_DashboardController->runAction()
#2 /home/vvf/vvf.kritva.in/admin/framework/web/CController.php(265): Admin_DashboardController->runActionWithFilters()
#3 /home/vvf/vvf.kritva.in/admin/framework/web/CWebApplication.php(282): Admin_DashboardController->run()
#4 /home/vvf/vvf.kritva.in/admin/framework/web/CWebApplication.php(141): CWebApplication->runController()
#5 /home/vvf/vvf.kritva.in/admin/framework/base/CApplication.php(185): CWebApplication->processRequest()
#6 /home/vvf/vvf.kritva.in/admin/index.php(13): CWebApplication->run()
REQUEST_URI=/admin/index.php?r=Admin_Dashboard
2017/06/26 11:36:32 [error] [php] array_filter() expects parameter 1 to be array, null given (/home/vvf/vvf.kritva.in/admin/protected/controllers/Admin_DashboardController.php:386)
Stack trace:
#0 /home/vvf/vvf.kritva.in/admin/framework/web/CController.php(308): CInlineAction->runWithParams()
#1 /home/vvf/vvf.kritva.in/admin/framework/web/CController.php(286): Admin_DashboardController->runAction()
#2 /home/vvf/vvf.kritva.in/admin/framework/web/CController.php(265): Admin_DashboardController->runActionWithFilters()
#3 /home/vvf/vvf.kritva.in/admin/framework/web/CWebApplication.php(282): Admin_DashboardController->run()
#4 /home/vvf/vvf.kritva.in/admin/framework/web/CWebApplication.php(141): CWebApplication->runController()
#5 /home/vvf/vvf.kritva.in/admin/framework/base/CApplication.php(185): CWebApplication->processRequest()
#6 /home/vvf/vvf.kritva.in/admin/index.php(13): CWebApplication->run()
REQUEST_URI=/admin/index.php?r=Admin_Dashboard
2017/06/26 11:36:32 [error] [php] array_filter() expects parameter 1 to be array, null given (/home/vvf/vvf.kritva.in/admin/protected/controllers/Admin_DashboardController.php:386)
Stack trace:
#0 /home/vvf/vvf.kritva.in/admin/framework/web/CController.php(308): CInlineAction->runWithParams()
#1 /home/vvf/vvf.kritva.in/admin/framework/web/CController.php(286): Admin_DashboardController->runAction()
#2 /home/vvf/vvf.kritva.in/admin/framework/web/CController.php(265): Admin_DashboardController->runActionWithFilters()
#3 /home/vvf/vvf.kritva.in/admin/framework/web/CWebApplication.php(282): Admin_DashboardController->run()
#4 /home/vvf/vvf.kritva.in/admin/framework/web/CWebApplication.php(141): CWebApplication->runController()
#5 /home/vvf/vvf.kritva.in/admin/framework/base/CApplication.php(185): CWebApplication->processRequest()
#6 /home/vvf/vvf.kritva.in/admin/index.php(13): CWebApplication->run()
REQUEST_URI=/admin/index.php?r=Admin_Dashboard
2017/06/26 11:36:33 [error] [php] array_filter() expects parameter 1 to be array, null given (/home/vvf/vvf.kritva.in/admin/protected/controllers/Admin_DashboardController.php:386)
Stack trace:
#0 /home/vvf/vvf.kritva.in/admin/framework/web/CController.php(308): CInlineAction->runWithParams()
#1 /home/vvf/vvf.kritva.in/admin/framework/web/CController.php(286): Admin_DashboardController->runAction()
#2 /home/vvf/vvf.kritva.in/admin/framework/web/CController.php(265): Admin_DashboardController->runActionWithFilters()
#3 /home/vvf/vvf.kritva.in/admin/framework/web/CWebApplication.php(282): Admin_DashboardController->run()
#4 /home/vvf/vvf.kritva.in/admin/framework/web/CWebApplication.php(141): CWebApplication->runController()
#5 /home/vvf/vvf.kritva.in/admin/framework/base/CApplication.php(185): CWebApplication->processRequest()
#6 /home/vvf/vvf.kritva.in/admin/index.php(13): CWebApplication->run()
REQUEST_URI=/admin/index.php?r=Admin_Dashboard
2017/06/26 11:36:33 [error] [php] array_filter() expects parameter 1 to be array, null given (/home/vvf/vvf.kritva.in/admin/protected/controllers/Admin_DashboardController.php:386)
Stack trace:
#0 /home/vvf/vvf.kritva.in/admin/framework/web/CController.php(308): CInlineAction->runWithParams()
#1 /home/vvf/vvf.kritva.in/admin/framework/web/CController.php(286): Admin_DashboardController->runAction()
#2 /home/vvf/vvf.kritva.in/admin/framework/web/CController.php(265): Admin_DashboardController->runActionWithFilters()
#3 /home/vvf/vvf.kritva.in/admin/framework/web/CWebApplication.php(282): Admin_DashboardController->run()
#4 /home/vvf/vvf.kritva.in/admin/framework/web/CWebApplication.php(141): CWebApplication->runController()
#5 /home/vvf/vvf.kritva.in/admin/framework/base/CApplication.php(185): CWebApplication->processRequest()
#6 /home/vvf/vvf.kritva.in/admin/index.php(13): CWebApplication->run()
REQUEST_URI=/admin/index.php?r=Admin_Dashboard
2017/06/26 11:38:13 [error] [php] array_filter() expects parameter 1 to be array, null given (/home/vvf/vvf.kritva.in/admin/protected/controllers/Admin_DashboardController.php:386)
Stack trace:
#0 /home/vvf/vvf.kritva.in/admin/framework/web/CController.php(308): CInlineAction->runWithParams()
#1 /home/vvf/vvf.kritva.in/admin/framework/web/CController.php(286): Admin_DashboardController->runAction()
#2 /home/vvf/vvf.kritva.in/admin/framework/web/CController.php(265): Admin_DashboardController->runActionWithFilters()
#3 /home/vvf/vvf.kritva.in/admin/framework/web/CWebApplication.php(282): Admin_DashboardController->run()
#4 /home/vvf/vvf.kritva.in/admin/framework/web/CWebApplication.php(141): CWebApplication->runController()
#5 /home/vvf/vvf.kritva.in/admin/framework/base/CApplication.php(185): CWebApplication->processRequest()
#6 /home/vvf/vvf.kritva.in/admin/index.php(13): CWebApplication->run()
REQUEST_URI=/admin/index.php?r=Admin_Dashboard
2017/06/26 11:38:14 [error] [php] array_filter() expects parameter 1 to be array, null given (/home/vvf/vvf.kritva.in/admin/protected/controllers/Admin_DashboardController.php:386)
Stack trace:
#0 /home/vvf/vvf.kritva.in/admin/framework/web/CController.php(308): CInlineAction->runWithParams()
#1 /home/vvf/vvf.kritva.in/admin/framework/web/CController.php(286): Admin_DashboardController->runAction()
#2 /home/vvf/vvf.kritva.in/admin/framework/web/CController.php(265): Admin_DashboardController->runActionWithFilters()
#3 /home/vvf/vvf.kritva.in/admin/framework/web/CWebApplication.php(282): Admin_DashboardController->run()
#4 /home/vvf/vvf.kritva.in/admin/framework/web/CWebApplication.php(141): CWebApplication->runController()
#5 /home/vvf/vvf.kritva.in/admin/framework/base/CApplication.php(185): CWebApplication->processRequest()
#6 /home/vvf/vvf.kritva.in/admin/index.php(13): CWebApplication->run()
REQUEST_URI=/admin/index.php?r=Admin_Dashboard
2017/06/26 11:51:58 [error] [exception.CHttpException.404] exception 'CHttpException' with message 'Unable to resolve the request "favicon.ico".' in /home/vvf/vvf.kritva.in/admin/framework/web/CWebApplication.php:286
Stack trace:
#0 /home/vvf/vvf.kritva.in/admin/framework/web/CWebApplication.php(141): CWebApplication->runController('favicon.ico')
#1 /home/vvf/vvf.kritva.in/admin/framework/base/CApplication.php(185): CWebApplication->processRequest()
#2 /home/vvf/vvf.kritva.in/admin/index.php(13): CApplication->run()
#3 {main}
REQUEST_URI=/admin/index.php/favicon.ico
---
2017/06/26 12:08:51 [error] [exception.CHttpException.404] exception 'CHttpException' with message 'The system is unable to find the requested action "Plant_mail".' in /home/vvf/vvf.kritva.in/admin/framework/web/CController.php:483
Stack trace:
#0 /home/vvf/vvf.kritva.in/admin/framework/web/CController.php(270): CController->missingAction('Plant_mail')
#1 /home/vvf/vvf.kritva.in/admin/framework/web/CWebApplication.php(282): CController->run('Plant_mail')
#2 /home/vvf/vvf.kritva.in/admin/framework/web/CWebApplication.php(141): CWebApplication->runController('Newemployee/Pla...')
#3 /home/vvf/vvf.kritva.in/admin/framework/base/CApplication.php(185): CWebApplication->processRequest()
#4 /home/vvf/vvf.kritva.in/admin/index.php(13): CApplication->run()
#5 {main}
REQUEST_URI=/admin/index.php/Newemployee/Plant_mail
HTTP_REFERER=https://www.vvf.kritva.in/admin/index.php/Login/employee_profile/Employee_id/10000824
---
2017/06/26 12:09:16 [error] [exception.CHttpException.404] exception 'CHttpException' with message 'The system is unable to find the requested action "Plant_mail".' in /home/vvf/vvf.kritva.in/admin/framework/web/CController.php:483
Stack trace:
#0 /home/vvf/vvf.kritva.in/admin/framework/web/CController.php(270): CController->missingAction('Plant_mail')
#1 /home/vvf/vvf.kritva.in/admin/framework/web/CWebApplication.php(282): CController->run('Plant_mail')
#2 /home/vvf/vvf.kritva.in/admin/framework/web/CWebApplication.php(141): CWebApplication->runController('Newemployee/Pla...')
#3 /home/vvf/vvf.kritva.in/admin/framework/base/CApplication.php(185): CWebApplication->processRequest()
#4 /home/vvf/vvf.kritva.in/admin/index.php(13): CApplication->run()
#5 {main}
REQUEST_URI=/admin/index.php/Newemployee/Plant_mail
HTTP_REFERER=https://www.vvf.kritva.in/admin/index.php/Login/employee_profile/Employee_id/10000824
---
2017/06/27 10:29:07 [error] [exception.CHttpException.404] exception 'CHttpException' with message 'Unable to resolve the request "favicon.ico".' in /home/vvf/vvf.kritva.in/admin/framework/web/CWebApplication.php:286
Stack trace:
#0 /home/vvf/vvf.kritva.in/admin/framework/web/CWebApplication.php(141): CWebApplication->runController('favicon.ico')
#1 /home/vvf/vvf.kritva.in/admin/framework/base/CApplication.php(185): CWebApplication->processRequest()
#2 /home/vvf/vvf.kritva.in/admin/index.php(13): CApplication->run()
#3 {main}
REQUEST_URI=/admin/index.php/favicon.ico
---
2017/07/12 10:46:09 [error] [exception.CHttpException.404] exception 'CHttpException' with message 'Unable to resolve the request "favicon.ico".' in /home/vvf/vvf.kritva.in/admin/framework/web/CWebApplication.php:286
Stack trace:
#0 /home/vvf/vvf.kritva.in/admin/framework/web/CWebApplication.php(141): CWebApplication->runController('favicon.ico')
#1 /home/vvf/vvf.kritva.in/admin/framework/base/CApplication.php(185): CWebApplication->processRequest()
#2 /home/vvf/vvf.kritva.in/admin/index.php(13): CApplication->run()
#3 {main}
REQUEST_URI=/admin/index.php/favicon.ico
---
2017/07/13 11:17:26 [error] [exception.CHttpException.404] exception 'CHttpException' with message 'Unable to resolve the request "favicon.ico".' in /home/vvf/vvf.kritva.in/admin/framework/web/CWebApplication.php:286
Stack trace:
#0 /home/vvf/vvf.kritva.in/admin/framework/web/CWebApplication.php(141): CWebApplication->runController('favicon.ico')
#1 /home/vvf/vvf.kritva.in/admin/framework/base/CApplication.php(185): CWebApplication->processRequest()
#2 /home/vvf/vvf.kritva.in/admin/index.php(13): CApplication->run()
#3 {main}
REQUEST_URI=/admin/index.php/favicon.ico
---
2017/07/17 07:13:24 [error] [exception.CHttpException.404] exception 'CHttpException' with message 'Unable to resolve the request "favicon.ico".' in /home/vvf/vvf.kritva.in/admin/framework/web/CWebApplication.php:286
Stack trace:
#0 /home/vvf/vvf.kritva.in/admin/framework/web/CWebApplication.php(141): CWebApplication->runController('favicon.ico')
#1 /home/vvf/vvf.kritva.in/admin/framework/base/CApplication.php(185): CWebApplication->processRequest()
#2 /home/vvf/vvf.kritva.in/admin/index.php(13): CApplication->run()
#3 {main}
REQUEST_URI=/admin/index.php/favicon.ico
---
2017/07/17 07:17:58 [error] [exception.CHttpException.404] exception 'CHttpException' with message 'Unable to resolve the request "favicon.ico".' in /home/vvf/vvf.kritva.in/admin/framework/web/CWebApplication.php:286
Stack trace:
#0 /home/vvf/vvf.kritva.in/admin/framework/web/CWebApplication.php(141): CWebApplication->runController('favicon.ico')
#1 /home/vvf/vvf.kritva.in/admin/framework/base/CApplication.php(185): CWebApplication->processRequest()
#2 /home/vvf/vvf.kritva.in/admin/index.php(13): CApplication->run()
#3 {main}
REQUEST_URI=/admin/index.php/favicon.ico
---
2017/07/17 11:20:35 [error] [exception.CHttpException.404] exception 'CHttpException' with message 'Unable to resolve the request "favicon.ico".' in /home/vvf/vvf.kritva.in/admin/framework/web/CWebApplication.php:286
Stack trace:
#0 /home/vvf/vvf.kritva.in/admin/framework/web/CWebApplication.php(141): CWebApplication->runController('favicon.ico')
#1 /home/vvf/vvf.kritva.in/admin/framework/base/CApplication.php(185): CWebApplication->processRequest()
#2 /home/vvf/vvf.kritva.in/admin/index.php(13): CApplication->run()
#3 {main}
REQUEST_URI=/admin/index.php/favicon.ico
---
2017/07/17 11:23:30 [error] [exception.CHttpException.404] exception 'CHttpException' with message 'The system is unable to find the requested action "Plant_mail".' in /home/vvf/vvf.kritva.in/admin/framework/web/CController.php:483
Stack trace:
#0 /home/vvf/vvf.kritva.in/admin/framework/web/CController.php(270): CController->missingAction('Plant_mail')
#1 /home/vvf/vvf.kritva.in/admin/framework/web/CWebApplication.php(282): CController->run('Plant_mail')
#2 /home/vvf/vvf.kritva.in/admin/framework/web/CWebApplication.php(141): CWebApplication->runController('Newemployee/Pla...')
#3 /home/vvf/vvf.kritva.in/admin/framework/base/CApplication.php(185): CWebApplication->processRequest()
#4 /home/vvf/vvf.kritva.in/admin/index.php(13): CApplication->run()
#5 {main}
REQUEST_URI=/admin/index.php/Newemployee/Plant_mail
HTTP_REFERER=https://www.vvf.kritva.in/admin/index.php/Login/employee_profile/Employee_id/10000183
---
2017/07/17 11:23:48 [error] [exception.CHttpException.404] exception 'CHttpException' with message 'The system is unable to find the requested action "Plant_mail".' in /home/vvf/vvf.kritva.in/admin/framework/web/CController.php:483
Stack trace:
#0 /home/vvf/vvf.kritva.in/admin/framework/web/CController.php(270): CController->missingAction('Plant_mail')
#1 /home/vvf/vvf.kritva.in/admin/framework/web/CWebApplication.php(282): CController->run('Plant_mail')
#2 /home/vvf/vvf.kritva.in/admin/framework/web/CWebApplication.php(141): CWebApplication->runController('Newemployee/Pla...')
#3 /home/vvf/vvf.kritva.in/admin/framework/base/CApplication.php(185): CWebApplication->processRequest()
#4 /home/vvf/vvf.kritva.in/admin/index.php(13): CApplication->run()
#5 {main}
REQUEST_URI=/admin/index.php/Newemployee/Plant_mail
HTTP_REFERER=https://www.vvf.kritva.in/admin/index.php/Login/employee_profile/Employee_id/10000183
---
2017/07/17 11:27:09 [error] [exception.CHttpException.404] exception 'CHttpException' with message 'The system is unable to find the requested action "Plant_mail".' in /home/vvf/vvf.kritva.in/admin/framework/web/CController.php:483
Stack trace:
#0 /home/vvf/vvf.kritva.in/admin/framework/web/CController.php(270): CController->missingAction('Plant_mail')
#1 /home/vvf/vvf.kritva.in/admin/framework/web/CWebApplication.php(282): CController->run('Plant_mail')
#2 /home/vvf/vvf.kritva.in/admin/framework/web/CWebApplication.php(141): CWebApplication->runController('Newemployee/Pla...')
#3 /home/vvf/vvf.kritva.in/admin/framework/base/CApplication.php(185): CWebApplication->processRequest()
#4 /home/vvf/vvf.kritva.in/admin/index.php(13): CApplication->run()
#5 {main}
REQUEST_URI=/admin/index.php/Newemployee/Plant_mail
HTTP_REFERER=https://www.vvf.kritva.in/admin/index.php/Login/employee_profile/Employee_id/10000183
---
2017/07/17 11:27:40 [error] [exception.CHttpException.404] exception 'CHttpException' with message 'Unable to resolve the request "favicon.ico".' in /home/vvf/vvf.kritva.in/admin/framework/web/CWebApplication.php:286
Stack trace:
#0 /home/vvf/vvf.kritva.in/admin/framework/web/CWebApplication.php(141): CWebApplication->runController('favicon.ico')
#1 /home/vvf/vvf.kritva.in/admin/framework/base/CApplication.php(185): CWebApplication->processRequest()
#2 /home/vvf/vvf.kritva.in/admin/index.php(13): CApplication->run()
#3 {main}
REQUEST_URI=/admin/index.php/favicon.ico
---
2017/07/17 11:28:41 [error] [exception.CHttpException.404] exception 'CHttpException' with message 'The system is unable to find the requested action "Plant_mail".' in /home/vvf/vvf.kritva.in/admin/framework/web/CController.php:483
Stack trace:
#0 /home/vvf/vvf.kritva.in/admin/framework/web/CController.php(270): CController->missingAction('Plant_mail')
#1 /home/vvf/vvf.kritva.in/admin/framework/web/CWebApplication.php(282): CController->run('Plant_mail')
#2 /home/vvf/vvf.kritva.in/admin/framework/web/CWebApplication.php(141): CWebApplication->runController('Newemployee/Pla...')
#3 /home/vvf/vvf.kritva.in/admin/framework/base/CApplication.php(185): CWebApplication->processRequest()
#4 /home/vvf/vvf.kritva.in/admin/index.php(13): CApplication->run()
#5 {main}
REQUEST_URI=/admin/index.php/Newemployee/Plant_mail
HTTP_REFERER=https://www.vvf.kritva.in/admin/index.php/Login/employee_profile/Employee_id/10000183
---
2017/07/17 11:28:41 [error] [exception.CHttpException.404] exception 'CHttpException' with message 'The system is unable to find the requested action "Plant_mail".' in /home/vvf/vvf.kritva.in/admin/framework/web/CController.php:483
Stack trace:
#0 /home/vvf/vvf.kritva.in/admin/framework/web/CController.php(270): CController->missingAction('Plant_mail')
#1 /home/vvf/vvf.kritva.in/admin/framework/web/CWebApplication.php(282): CController->run('Plant_mail')
#2 /home/vvf/vvf.kritva.in/admin/framework/web/CWebApplication.php(141): CWebApplication->runController('Newemployee/Pla...')
#3 /home/vvf/vvf.kritva.in/admin/framework/base/CApplication.php(185): CWebApplication->processRequest()
#4 /home/vvf/vvf.kritva.in/admin/index.php(13): CApplication->run()
#5 {main}
REQUEST_URI=/admin/index.php/Newemployee/Plant_mail
HTTP_REFERER=https://www.vvf.kritva.in/admin/index.php/Login/employee_profile/Employee_id/10000183
---
2017/07/17 11:36:03 [error] [exception.CHttpException.404] exception 'CHttpException' with message 'The system is unable to find the requested action "Plant_mail".' in /home/vvf/vvf.kritva.in/admin/framework/web/CController.php:483
Stack trace:
#0 /home/vvf/vvf.kritva.in/admin/framework/web/CController.php(270): CController->missingAction('Plant_mail')
#1 /home/vvf/vvf.kritva.in/admin/framework/web/CWebApplication.php(282): CController->run('Plant_mail')
#2 /home/vvf/vvf.kritva.in/admin/framework/web/CWebApplication.php(141): CWebApplication->runController('Newemployee/Pla...')
#3 /home/vvf/vvf.kritva.in/admin/framework/base/CApplication.php(185): CWebApplication->processRequest()
#4 /home/vvf/vvf.kritva.in/admin/index.php(13): CApplication->run()
#5 {main}
REQUEST_URI=/admin/index.php/Newemployee/Plant_mail
HTTP_REFERER=https://www.vvf.kritva.in/admin/index.php/Login/employee_profile/Employee_id/10000183
---
